2024-12-26 11:08:42,113 - INFO - Start polling
2024-12-26 11:08:42,363 - INFO - Run polling for bot @cvilamnukbot id=7200906136 - 'cv'
2024-12-26 11:08:56,187 - WARNING - Начало общения с пользователем: 987609477. Отправлено приветственное сообщение
2024-12-26 11:08:56,187 - INFO - Update id=438419474 is handled. Duration 219 ms by bot id=7200906136
2024-12-26 11:08:56,187 - WARNING - Создано напоминание для пользователя 987609477
2024-12-26 11:08:56,187 - WARNING - Создано напоминание для пользователя 987609477
2024-12-26 11:09:08,747 - WARNING - Отправлен урок {'text': '{name}, первый урок уже доступен, скорее открывай его и смотри до конца. В уроке я разобрал: \n   - Какой 1 инструмент нужно знать, чтобы твоя торговая стратегия начала работать. \n   - Почему 95% трейдеров ошибаются в торговле. \n   - Как быть прибыльным на дистанции и жить за счёт рынка. \nЧем раньше посмотришь урок, тем быстрее перестанешь ошибаться в выборе направления цены, жми кнопку ниже ⤵️', 'url': 'https://example.com/lesson1', 'photo': 'https://ibb.org.ru/1/qNlolp', 'reminders': ['Все уже смотрят второй урок, присоединяйся! Готов поспорить, большинство ошибок ты совершаешь именно по тем причинам, о которых я говорю во втором уроке. Удели всего 5 минут и твоя торговля изменится.', 'Спойлер, о котором узнаешь только ты и только потому, что решил сдаться слишком рано У тебя есть возможность получить консультацию от топового трейдера из моей команды. Ты сможешь задать любые вопросы по рынку, но только если полностью пройдешь мини курс. Действуй, второго шанса не будет'], 'next': 'lesson_2'} для пользователя: 987609477
2024-12-26 11:09:08,751 - INFO - Update id=438419475 is handled. Duration 171 ms by bot id=7200906136
2024-12-26 11:09:08,751 - WARNING - Создано напоминание для пользователя 987609477
2024-12-26 11:09:08,752 - WARNING - Создано напоминание для пользователя 987609477
2024-12-26 11:09:19,108 - WARNING - Пользователь: 987609477, подтвердил просмотр урока lesson_1
2024-12-26 11:09:19,110 - WARNING - Создано напоминание для пользователя 987609477
2024-12-26 11:09:19,425 - INFO - Update id=438419476 is handled. Duration 422 ms by bot id=7200906136
2024-12-26 11:09:30,971 - WARNING - Пользователь: 987609477, подтвердил просмотр урока lesson_2
2024-12-26 11:09:30,972 - WARNING - Создано напоминание для пользователя 987609477
2024-12-26 11:09:31,094 - INFO - Update id=438419477 is handled. Duration 233 ms by bot id=7200906136
2024-12-26 11:09:36,027 - WARNING - Пользователь: 987609477, подтвердил просмотр урока lesson_3
2024-12-26 11:09:36,207 - WARNING - Для пользовател: 987609477 отправлен финальный урок
2024-12-26 11:09:36,207 - INFO - Update id=438419478 is handled. Duration 313 ms by bot id=7200906136
2024-12-26 11:10:13,238 - INFO - Polling stopped
2024-12-26 11:10:13,504 - INFO - Polling stopped for bot @cvilamnukbot id=7200906136 - 'cv'
